<?xml version="1.0" encoding="UTF-8"?>
<testsuites name="Mocha Tests" time="2.085" tests="5" failures="0">
  <testsuite name="Root Suite" timestamp="2023-01-31T15:53:10" tests="0" file="cypress/e2e/todo.cy.js" time="0.000" failures="0">
  </testsuite>
  <testsuite name="example to-do app" timestamp="2023-01-31T15:53:10" tests="2" time="0.000" failures="0">
    <testcase name="example to-do app can add new todo items" time="0.764" classname="can add new todo items">
    </testcase>
    <testcase name="example to-do app can check an item as completed" time="0.268" classname="can check an item as completed">
    </testcase>
  </testsuite>
  <testsuite name="with a checked task" timestamp="2023-01-31T15:53:11" tests="3" time="1.021" failures="0">
    <testcase name="example to-do app with a checked task can filter for uncompleted tasks" time="0.326" classname="can filter for uncompleted tasks">
    </testcase>
    <testcase name="example to-do app with a checked task can filter for completed tasks" time="0.358" classname="can filter for completed tasks">
    </testcase>
    <testcase name="example to-do app with a checked task can delete all completed tasks" time="0.312" classname="can delete all completed tasks">
    </testcase>
  </testsuite>
</testsuites>